# JRE version: Java(TM) SE Runtime Environment (8.0_281-b09) (build 1.8.0_281-b09)
# Java VM: Java HotSpot(TM) 64-Bit Server VM (25.281-b09 mixed mode windows-amd64 compressed oops)
Heap:
 PSYoungGen      total 355328K, used 149313K [0x00000000d6500000, 0x00000000f3680000, 0x0000000100000000)
  eden space 332288K, 44% used [0x00000000d6500000,0x00000000df6d06f0,0x00000000ea980000)
  from space 23040K, 0% used [0x00000000ea980000,0x00000000ea980000,0x00000000ec000000)
  to   space 23040K, 0% used [0x00000000f2000000,0x00000000f2000000,0x00000000f3680000)
 ParOldGen       total 88064K, used 48109K [0x0000000082e00000, 0x0000000088400000, 0x00000000d6500000)
  object space 88064K, 54% used [0x0000000082e00000,0x0000000085cfb6c0,0x0000000088400000)
 Metaspace       used 59621K, capacity 62176K, committed 62336K, reserved 1103872K
  class space    used 7325K, capacity 7797K, committed 7808K, reserved 1048576K
GC Heap History (10 events):
Event: 9.178 GC heap before
{Heap before GC invocations=12 (full 2):
 PSYoungGen      total 216064K, used 201728K [0x00000000d6500000, 0x00000000ea500000, 0x0000000100000000)
  eden space 201728K, 100% used [0x00000000d6500000,0x00000000e2a00000,0x00000000e2a00000)
  from space 14336K, 0% used [0x00000000e2a00000,0x00000000e2a00000,0x00000000e3800000)
  to   space 17920K, 0% used [0x00000000e9380000,0x00000000e9380000,0x00000000ea500000)
 ParOldGen       total 88064K, used 24820K [0x0000000082e00000, 0x0000000088400000, 0x00000000d6500000)
  object space 88064K, 28% used [0x0000000082e00000,0x000000008463d130,0x0000000088400000)
 Metaspace       used 42611K, capacity 44384K, committed 44672K, reserved 1087488K
  class space    used 5639K, capacity 6004K, committed 6016K, reserved 1048576K
Event: 9.193 GC heap after
Heap after GC invocations=12 (full 2):
 PSYoungGen      total 275968K, used 13052K [0x00000000d6500000, 0x00000000ea080000, 0x0000000100000000)
  eden space 262656K, 0% used [0x00000000d6500000,0x00000000d6500000,0x00000000e6580000)
  from space 13312K, 98% used [0x00000000e9380000,0x00000000ea03f130,0x00000000ea080000)
  to   space 18432K, 0% used [0x00000000e7c80000,0x00000000e7c80000,0x00000000e8e80000)
 ParOldGen       total 88064K, used 24828K [0x0000000082e00000, 0x0000000088400000, 0x00000000d6500000)
  object space 88064K, 28% used [0x0000000082e00000,0x000000008463f130,0x0000000088400000)
 Metaspace       used 42611K, capacity 44384K, committed 44672K, reserved 1087488K
  class space    used 5639K, capacity 6004K, committed 6016K, reserved 1048576K
}
Event: 10.578 GC heap before
{Heap before GC invocations=13 (full 2):
 PSYoungGen      total 275968K, used 275708K [0x00000000d6500000, 0x00000000ea080000, 0x0000000100000000)
  eden space 262656K, 100% used [0x00000000d6500000,0x00000000e6580000,0x00000000e6580000)
  from space 13312K, 98% used [0x00000000e9380000,0x00000000ea03f130,0x00000000ea080000)
  to   space 18432K, 0% used [0x00000000e7c80000,0x00000000e7c80000,0x00000000e8e80000)
 ParOldGen       total 88064K, used 24828K [0x0000000082e00000, 0x0000000088400000, 0x00000000d6500000)
  object space 88064K, 28% used [0x0000000082e00000,0x000000008463f130,0x0000000088400000)
 Metaspace       used 46889K, capacity 48824K, committed 49024K, reserved 1091584K
  class space    used 6153K, capacity 6522K, committed 6528K, reserved 1048576K
Event: 10.589 GC heap after
Heap after GC invocations=13 (full 2):
 PSYoungGen      total 304640K, used 15479K [0x00000000d6500000, 0x00000000ed380000, 0x0000000100000000)
  eden space 286208K, 0% used [0x00000000d6500000,0x00000000d6500000,0x00000000e7c80000)
  from space 18432K, 83% used [0x00000000e7c80000,0x00000000e8b9df20,0x00000000e8e80000)
  to   space 19968K, 0% used [0x00000000ec000000,0x00000000ec000000,0x00000000ed380000)
 ParOldGen       total 88064K, used 24836K [0x0000000082e00000, 0x0000000088400000, 0x00000000d6500000)
  object space 88064K, 28% used [0x0000000082e00000,0x0000000084641130,0x0000000088400000)
 Metaspace       used 46889K, capacity 48824K, committed 49024K, reserved 1091584K
  class space    used 6153K, capacity 6522K, committed 6528K, reserved 1048576K
}
Event: 11.068 GC heap before
{Heap before GC invocations=14 (full 2):
 PSYoungGen      total 304640K, used 301687K [0x00000000d6500000, 0x00000000ed380000, 0x0000000100000000)
  eden space 286208K, 100% used [0x00000000d6500000,0x00000000e7c80000,0x00000000e7c80000)
  from space 18432K, 83% used [0x00000000e7c80000,0x00000000e8b9df20,0x00000000e8e80000)
  to   space 19968K, 0% used [0x00000000ec000000,0x00000000ec000000,0x00000000ed380000)
 ParOldGen       total 88064K, used 24836K [0x0000000082e00000, 0x0000000088400000, 0x00000000d6500000)
  object space 88064K, 28% used [0x0000000082e00000,0x0000000084641130,0x0000000088400000)
 Metaspace       used 48687K, capacity 50712K, committed 50816K, reserved 1093632K
  class space    used 6327K, capacity 6746K, committed 6784K, reserved 1048576K
Event: 11.085 GC heap after
Heap after GC invocations=14 (full 2):
 PSYoungGen      total 352256K, used 19942K [0x00000000d6500000, 0x00000000f0200000, 0x0000000100000000)
  eden space 332288K, 0% used [0x00000000d6500000,0x00000000d6500000,0x00000000ea980000)
  from space 19968K, 99% used [0x00000000ec000000,0x00000000ed379988,0x00000000ed380000)
  to   space 23040K, 0% used [0x00000000ea980000,0x00000000ea980000,0x00000000ec000000)
 ParOldGen       total 88064K, used 26205K [0x0000000082e00000, 0x0000000088400000, 0x00000000d6500000)
  object space 88064K, 29% used [0x0000000082e00000,0x0000000084797508,0x0000000088400000)
 Metaspace       used 48687K, capacity 50712K, committed 50816K, reserved 1093632K
  class space    used 6327K, capacity 6746K, committed 6784K, reserved 1048576K
}
Event: 16.679 GC heap before
{Heap before GC invocations=15 (full 2):
 PSYoungGen      total 352256K, used 155391K [0x00000000d6500000, 0x00000000f0200000, 0x0000000100000000)
  eden space 332288K, 40% used [0x00000000d6500000,0x00000000de946458,0x00000000ea980000)
  from space 19968K, 99% used [0x00000000ec000000,0x00000000ed379988,0x00000000ed380000)
  to   space 23040K, 0% used [0x00000000ea980000,0x00000000ea980000,0x00000000ec000000)
 ParOldGen       total 88064K, used 26205K [0x0000000082e00000, 0x0000000088400000, 0x00000000d6500000)
  object space 88064K, 29% used [0x0000000082e00000,0x0000000084797508,0x0000000088400000)
 Metaspace       used 56821K, capacity 59090K, committed 59160K, reserved 1101824K
  class space    used 7121K, capacity 7533K, committed 7552K, reserved 1048576K
Event: 16.736 GC heap after
Heap after GC invocations=15 (full 2):
 PSYoungGen      total 355328K, used 15627K [0x00000000d6500000, 0x00000000f3680000, 0x0000000100000000)
  eden space 332288K, 0% used [0x00000000d6500000,0x00000000d6500000,0x00000000ea980000)
  from space 23040K, 67% used [0x00000000ea980000,0x00000000eb8c2cd0,0x00000000ec000000)
  to   space 23040K, 0% used [0x00000000f2000000,0x00000000f2000000,0x00000000f3680000)
 ParOldGen       total 88064K, used 39393K [0x0000000082e00000, 0x0000000088400000, 0x00000000d6500000)
  object space 88064K, 44% used [0x0000000082e00000,0x0000000085478518,0x0000000088400000)
 Metaspace       used 56821K, capacity 59090K, committed 59160K, reserved 1101824K
  class space    used 7121K, capacity 7533K, committed 7552K, reserved 1048576K
}
Event: 16.736 GC heap before
{Heap before GC invocations=16 (full 3):
 PSYoungGen      total 355328K, used 15627K [0x00000000d6500000, 0x00000000f3680000, 0x0000000100000000)
  eden space 332288K, 0% used [0x00000000d6500000,0x00000000d6500000,0x00000000ea980000)
  from space 23040K, 67% used [0x00000000ea980000,0x00000000eb8c2cd0,0x00000000ec000000)
  to   space 23040K, 0% used [0x00000000f2000000,0x00000000f2000000,0x00000000f3680000)
 ParOldGen       total 88064K, used 39393K [0x0000000082e00000, 0x0000000088400000, 0x00000000d6500000)
  object space 88064K, 44% used [0x0000000082e00000,0x0000000085478518,0x0000000088400000)
 Metaspace       used 56821K, capacity 59090K, committed 59160K, reserved 1101824K
  class space    used 7121K, capacity 7533K, committed 7552K, reserved 1048576K
Event: 17.088 GC heap after
Heap after GC invocations=16 (full 3):
 PSYoungGen      total 355328K, used 0K [0x00000000d6500000, 0x00000000f3680000, 0x0000000100000000)
  eden space 332288K, 0% used [0x00000000d6500000,0x00000000d6500000,0x00000000ea980000)
  from space 23040K, 0% used [0x00000000ea980000,0x00000000ea980000,0x00000000ec000000)
  to   space 23040K, 0% used [0x00000000f2000000,0x00000000f2000000,0x00000000f3680000)
 ParOldGen       total 88064K, used 48109K [0x0000000082e00000, 0x0000000088400000, 0x00000000d6500000)
  object space 88064K, 54% used [0x0000000082e00000,0x0000000085cfb6c0,0x0000000088400000)
 Metaspace       used 56780K, capacity 59024K, committed 59160K, reserved 1101824K
  class space    used 7115K, capacity 7522K, committed 7552K, reserved 1048576K
}

