# JRE version: Java(TM) SE Runtime Environment (8.0_281-b09) (build 1.8.0_281-b09)
# Java VM: Java HotSpot(TM) 64-Bit Server VM (25.281-b09 mixed mode windows-amd64 compressed oops)
Heap:
 PSYoungGen      total 315392K, used 141842K [0x00000000d6500000, 0x00000000ecf00000, 0x0000000100000000)
  eden space 293888K, 48% used [0x00000000d6500000,0x00000000def84bb8,0x00000000e8400000)
  from space 21504K, 0% used [0x00000000e8400000,0x00000000e8400000,0x00000000e9900000)
  to   space 18944K, 0% used [0x00000000e9900000,0x00000000e9900000,0x00000000eab80000)
 ParOldGen       total 141824K, used 48955K [0x0000000082e00000, 0x000000008b880000, 0x00000000d6500000)
  object space 141824K, 34% used [0x0000000082e00000,0x0000000085dceda8,0x000000008b880000)
 Metaspace       used 59594K, capacity 62179K, committed 62336K, reserved 1103872K
  class space    used 7314K, capacity 7785K, committed 7808K, reserved 1048576K
GC Heap History (10 events):
Event: 5.811 GC heap before
{Heap before GC invocations=12 (full 2):
 PSYoungGen      total 200192K, used 186368K [0x00000000d6500000, 0x00000000e8380000, 0x0000000100000000)
  eden space 186368K, 100% used [0x00000000d6500000,0x00000000e1b00000,0x00000000e1b00000)
  from space 13824K, 0% used [0x00000000e1b00000,0x00000000e1b00000,0x00000000e2880000)
  to   space 17408K, 0% used [0x00000000e7280000,0x00000000e7280000,0x00000000e8380000)
 ParOldGen       total 93184K, used 24493K [0x0000000082e00000, 0x0000000088900000, 0x00000000d6500000)
  object space 93184K, 26% used [0x0000000082e00000,0x00000000845eb5c0,0x0000000088900000)
 Metaspace       used 42563K, capacity 44448K, committed 44672K, reserved 1087488K
  class space    used 5628K, capacity 6002K, committed 6016K, reserved 1048576K
Event: 5.820 GC heap after
Heap after GC invocations=12 (full 2):
 PSYoungGen      total 249344K, used 12883K [0x00000000d6500000, 0x00000000e7f80000, 0x0000000100000000)
  eden space 236032K, 0% used [0x00000000d6500000,0x00000000d6500000,0x00000000e4b80000)
  from space 13312K, 96% used [0x00000000e7280000,0x00000000e7f14ce8,0x00000000e7f80000)
  to   space 17920K, 0% used [0x00000000e5c80000,0x00000000e5c80000,0x00000000e6e00000)
 ParOldGen       total 93184K, used 24501K [0x0000000082e00000, 0x0000000088900000, 0x00000000d6500000)
  object space 93184K, 26% used [0x0000000082e00000,0x00000000845ed5c0,0x0000000088900000)
 Metaspace       used 42563K, capacity 44448K, committed 44672K, reserved 1087488K
  class space    used 5628K, capacity 6002K, committed 6016K, reserved 1048576K
}
Event: 6.534 GC heap before
{Heap before GC invocations=13 (full 2):
 PSYoungGen      total 249344K, used 248915K [0x00000000d6500000, 0x00000000e7f80000, 0x0000000100000000)
  eden space 236032K, 100% used [0x00000000d6500000,0x00000000e4b80000,0x00000000e4b80000)
  from space 13312K, 96% used [0x00000000e7280000,0x00000000e7f14ce8,0x00000000e7f80000)
  to   space 17920K, 0% used [0x00000000e5c80000,0x00000000e5c80000,0x00000000e6e00000)
 ParOldGen       total 93184K, used 24501K [0x0000000082e00000, 0x0000000088900000, 0x00000000d6500000)
  object space 93184K, 26% used [0x0000000082e00000,0x00000000845ed5c0,0x0000000088900000)
 Metaspace       used 46940K, capacity 48900K, committed 49024K, reserved 1091584K
  class space    used 6152K, capacity 6522K, committed 6528K, reserved 1048576K
Event: 6.544 GC heap after
Heap after GC invocations=13 (full 2):
 PSYoungGen      total 271360K, used 14847K [0x00000000d6500000, 0x00000000eab80000, 0x0000000100000000)
  eden space 253440K, 0% used [0x00000000d6500000,0x00000000d6500000,0x00000000e5c80000)
  from space 17920K, 82% used [0x00000000e5c80000,0x00000000e6affc68,0x00000000e6e00000)
  to   space 18944K, 0% used [0x00000000e9900000,0x00000000e9900000,0x00000000eab80000)
 ParOldGen       total 93184K, used 24509K [0x0000000082e00000, 0x0000000088900000, 0x00000000d6500000)
  object space 93184K, 26% used [0x0000000082e00000,0x00000000845ef5c0,0x0000000088900000)
 Metaspace       used 46940K, capacity 48900K, committed 49024K, reserved 1091584K
  class space    used 6152K, capacity 6522K, committed 6528K, reserved 1048576K
}
Event: 6.791 GC heap before
{Heap before GC invocations=14 (full 2):
 PSYoungGen      total 271360K, used 268287K [0x00000000d6500000, 0x00000000eab80000, 0x0000000100000000)
  eden space 253440K, 100% used [0x00000000d6500000,0x00000000e5c80000,0x00000000e5c80000)
  from space 17920K, 82% used [0x00000000e5c80000,0x00000000e6affc68,0x00000000e6e00000)
  to   space 18944K, 0% used [0x00000000e9900000,0x00000000e9900000,0x00000000eab80000)
 ParOldGen       total 93184K, used 24509K [0x0000000082e00000, 0x0000000088900000, 0x00000000d6500000)
  object space 93184K, 26% used [0x0000000082e00000,0x00000000845ef5c0,0x0000000088900000)
 Metaspace       used 47080K, capacity 49074K, committed 49408K, reserved 1091584K
  class space    used 6164K, capacity 6557K, committed 6656K, reserved 1048576K
Event: 6.801 GC heap after
Heap after GC invocations=14 (full 2):
 PSYoungGen      total 312832K, used 18789K [0x00000000d6500000, 0x00000000ecf00000, 0x0000000100000000)
  eden space 293888K, 0% used [0x00000000d6500000,0x00000000d6500000,0x00000000e8400000)
  from space 18944K, 99% used [0x00000000e9900000,0x00000000eab595f0,0x00000000eab80000)
  to   space 21504K, 0% used [0x00000000e8400000,0x00000000e8400000,0x00000000e9900000)
 ParOldGen       total 93184K, used 24517K [0x0000000082e00000, 0x0000000088900000, 0x00000000d6500000)
  object space 93184K, 26% used [0x0000000082e00000,0x00000000845f15c0,0x0000000088900000)
 Metaspace       used 47080K, capacity 49074K, committed 49408K, reserved 1091584K
  class space    used 6164K, capacity 6557K, committed 6656K, reserved 1048576K
}
Event: 12.352 GC heap before
{Heap before GC invocations=15 (full 2):
 PSYoungGen      total 312832K, used 214170K [0x00000000d6500000, 0x00000000ecf00000, 0x0000000100000000)
  eden space 293888K, 66% used [0x00000000d6500000,0x00000000e23cd218,0x00000000e8400000)
  from space 18944K, 99% used [0x00000000e9900000,0x00000000eab595f0,0x00000000eab80000)
  to   space 21504K, 0% used [0x00000000e8400000,0x00000000e8400000,0x00000000e9900000)
 ParOldGen       total 93184K, used 24517K [0x0000000082e00000, 0x0000000088900000, 0x00000000d6500000)
  object space 93184K, 26% used [0x0000000082e00000,0x00000000845f15c0,0x0000000088900000)
 Metaspace       used 56809K, capacity 59073K, committed 59096K, reserved 1101824K
  class space    used 7116K, capacity 7529K, committed 7552K, reserved 1048576K
Event: 12.372 GC heap after
Heap after GC invocations=15 (full 2):
 PSYoungGen      total 315392K, used 21501K [0x00000000d6500000, 0x00000000ecf00000, 0x0000000100000000)
  eden space 293888K, 0% used [0x00000000d6500000,0x00000000d6500000,0x00000000e8400000)
  from space 21504K, 99% used [0x00000000e8400000,0x00000000e98ff7c0,0x00000000e9900000)
  to   space 18944K, 0% used [0x00000000e9900000,0x00000000e9900000,0x00000000eab80000)
 ParOldGen       total 93184K, used 32522K [0x0000000082e00000, 0x0000000088900000, 0x00000000d6500000)
  object space 93184K, 34% used [0x0000000082e00000,0x0000000084dc29c8,0x0000000088900000)
 Metaspace       used 56809K, capacity 59073K, committed 59096K, reserved 1101824K
  class space    used 7116K, capacity 7529K, committed 7552K, reserved 1048576K
}
Event: 12.372 GC heap before
{Heap before GC invocations=16 (full 3):
 PSYoungGen      total 315392K, used 21501K [0x00000000d6500000, 0x00000000ecf00000, 0x0000000100000000)
  eden space 293888K, 0% used [0x00000000d6500000,0x00000000d6500000,0x00000000e8400000)
  from space 21504K, 99% used [0x00000000e8400000,0x00000000e98ff7c0,0x00000000e9900000)
  to   space 18944K, 0% used [0x00000000e9900000,0x00000000e9900000,0x00000000eab80000)
 ParOldGen       total 93184K, used 32522K [0x0000000082e00000, 0x0000000088900000, 0x00000000d6500000)
  object space 93184K, 34% used [0x0000000082e00000,0x0000000084dc29c8,0x0000000088900000)
 Metaspace       used 56809K, capacity 59073K, committed 59096K, reserved 1101824K
  class space    used 7116K, capacity 7529K, committed 7552K, reserved 1048576K
Event: 12.611 GC heap after
Heap after GC invocations=16 (full 3):
 PSYoungGen      total 315392K, used 0K [0x00000000d6500000, 0x00000000ecf00000, 0x0000000100000000)
  eden space 293888K, 0% used [0x00000000d6500000,0x00000000d6500000,0x00000000e8400000)
  from space 21504K, 0% used [0x00000000e8400000,0x00000000e8400000,0x00000000e9900000)
  to   space 18944K, 0% used [0x00000000e9900000,0x00000000e9900000,0x00000000eab80000)
 ParOldGen       total 141824K, used 48955K [0x0000000082e00000, 0x000000008b880000, 0x00000000d6500000)
  object space 141824K, 34% used [0x0000000082e00000,0x0000000085dceda8,0x000000008b880000)
 Metaspace       used 56775K, capacity 59019K, committed 59096K, reserved 1101824K
  class space    used 7111K, capacity 7520K, committed 7552K, reserved 1048576K
}

