# JRE version: Java(TM) SE Runtime Environment (8.0_281-b09) (build 1.8.0_281-b09)
# Java VM: Java HotSpot(TM) 64-Bit Server VM (25.281-b09 mixed mode windows-amd64 compressed oops)
Heap:
 PSYoungGen      total 343040K, used 80834K [0x00000000d6500000, 0x00000000ee700000, 0x0000000100000000)
  eden space 316928K, 21% used [0x00000000d6500000,0x00000000da6ada88,0x00000000e9a80000)
  from space 26112K, 52% used [0x00000000e9a80000,0x00000000ea7c2e60,0x00000000eb400000)
  to   space 26112K, 0% used [0x00000000eb400000,0x00000000eb400000,0x00000000ecd80000)
 ParOldGen       total 137216K, used 44278K [0x0000000082e00000, 0x000000008b400000, 0x00000000d6500000)
  object space 137216K, 32% used [0x0000000082e00000,0x000000008593da48,0x000000008b400000)
 Metaspace       used 63628K, capacity 66724K, committed 66816K, reserved 1107968K
  class space    used 7831K, capacity 8399K, committed 8448K, reserved 1048576K
GC Heap History (10 events):
Event: 6.995 GC heap before
{Heap before GC invocations=14 (full 2):
 PSYoungGen      total 230400K, used 226432K [0x00000000d6500000, 0x00000000e8580000, 0x0000000100000000)
  eden space 212480K, 100% used [0x00000000d6500000,0x00000000e3480000,0x00000000e3480000)
  from space 17920K, 77% used [0x00000000e3480000,0x00000000e42202d8,0x00000000e4600000)
  to   space 18432K, 0% used [0x00000000e7380000,0x00000000e7380000,0x00000000e8580000)
 ParOldGen       total 97792K, used 24860K [0x0000000082e00000, 0x0000000088d80000, 0x00000000d6500000)
  object space 97792K, 25% used [0x0000000082e00000,0x0000000084647300,0x0000000088d80000)
 Metaspace       used 47052K, capacity 48994K, committed 49152K, reserved 1091584K
  class space    used 6164K, capacity 6557K, committed 6656K, reserved 1048576K
Event: 7.004 GC heap after
Heap after GC invocations=14 (full 2):
 PSYoungGen      total 274944K, used 17093K [0x00000000d6500000, 0x00000000e9480000, 0x0000000100000000)
  eden space 256512K, 0% used [0x00000000d6500000,0x00000000d6500000,0x00000000e5f80000)
  from space 18432K, 92% used [0x00000000e7380000,0x00000000e8431610,0x00000000e8580000)
  to   space 20480K, 0% used [0x00000000e5f80000,0x00000000e5f80000,0x00000000e7380000)
 ParOldGen       total 97792K, used 24868K [0x0000000082e00000, 0x0000000088d80000, 0x00000000d6500000)
  object space 97792K, 25% used [0x0000000082e00000,0x0000000084649300,0x0000000088d80000)
 Metaspace       used 47052K, capacity 48994K, committed 49152K, reserved 1091584K
  class space    used 6164K, capacity 6557K, committed 6656K, reserved 1048576K
}
Event: 12.028 GC heap before
{Heap before GC invocations=15 (full 2):
 PSYoungGen      total 274944K, used 273605K [0x00000000d6500000, 0x00000000e9480000, 0x0000000100000000)
  eden space 256512K, 100% used [0x00000000d6500000,0x00000000e5f80000,0x00000000e5f80000)
  from space 18432K, 92% used [0x00000000e7380000,0x00000000e8431610,0x00000000e8580000)
  to   space 20480K, 0% used [0x00000000e5f80000,0x00000000e5f80000,0x00000000e7380000)
 ParOldGen       total 97792K, used 24868K [0x0000000082e00000, 0x0000000088d80000, 0x00000000d6500000)
  object space 97792K, 25% used [0x0000000082e00000,0x0000000084649300,0x0000000088d80000)
 Metaspace       used 56445K, capacity 58610K, committed 58752K, reserved 1099776K
  class space    used 7080K, capacity 7507K, committed 7552K, reserved 1048576K
Event: 12.043 GC heap after
Heap after GC invocations=15 (full 2):
 PSYoungGen      total 276992K, used 20477K [0x00000000d6500000, 0x00000000ecd80000, 0x0000000100000000)
  eden space 256512K, 0% used [0x00000000d6500000,0x00000000d6500000,0x00000000e5f80000)
  from space 20480K, 99% used [0x00000000e5f80000,0x00000000e737f7c0,0x00000000e7380000)
  to   space 26112K, 0% used [0x00000000eb400000,0x00000000eb400000,0x00000000ecd80000)
 ParOldGen       total 97792K, used 33197K [0x0000000082e00000, 0x0000000088d80000, 0x00000000d6500000)
  object space 97792K, 33% used [0x0000000082e00000,0x0000000084e6b780,0x0000000088d80000)
 Metaspace       used 56445K, capacity 58610K, committed 58752K, reserved 1099776K
  class space    used 7080K, capacity 7507K, committed 7552K, reserved 1048576K
}
Event: 12.174 GC heap before
{Heap before GC invocations=16 (full 2):
 PSYoungGen      total 276992K, used 49209K [0x00000000d6500000, 0x00000000ecd80000, 0x0000000100000000)
  eden space 256512K, 11% used [0x00000000d6500000,0x00000000d810ec58,0x00000000e5f80000)
  from space 20480K, 99% used [0x00000000e5f80000,0x00000000e737f7c0,0x00000000e7380000)
  to   space 26112K, 0% used [0x00000000eb400000,0x00000000eb400000,0x00000000ecd80000)
 ParOldGen       total 97792K, used 33197K [0x0000000082e00000, 0x0000000088d80000, 0x00000000d6500000)
  object space 97792K, 33% used [0x0000000082e00000,0x0000000084e6b780,0x0000000088d80000)
 Metaspace       used 56866K, capacity 59086K, committed 59160K, reserved 1101824K
  class space    used 7121K, capacity 7533K, committed 7552K, reserved 1048576K
Event: 12.187 GC heap after
Heap after GC invocations=16 (full 2):
 PSYoungGen      total 343040K, used 16594K [0x00000000d6500000, 0x00000000ee700000, 0x0000000100000000)
  eden space 316928K, 0% used [0x00000000d6500000,0x00000000d6500000,0x00000000e9a80000)
  from space 26112K, 63% used [0x00000000eb400000,0x00000000ec434a30,0x00000000ecd80000)
  to   space 26112K, 0% used [0x00000000e9a80000,0x00000000e9a80000,0x00000000eb400000)
 ParOldGen       total 97792K, used 38015K [0x0000000082e00000, 0x0000000088d80000, 0x00000000d6500000)
  object space 97792K, 38% used [0x0000000082e00000,0x000000008531fd98,0x0000000088d80000)
 Metaspace       used 56866K, capacity 59086K, committed 59160K, reserved 1101824K
  class space    used 7121K, capacity 7533K, committed 7552K, reserved 1048576K
}
Event: 12.187 GC heap before
{Heap before GC invocations=17 (full 3):
 PSYoungGen      total 343040K, used 16594K [0x00000000d6500000, 0x00000000ee700000, 0x0000000100000000)
  eden space 316928K, 0% used [0x00000000d6500000,0x00000000d6500000,0x00000000e9a80000)
  from space 26112K, 63% used [0x00000000eb400000,0x00000000ec434a30,0x00000000ecd80000)
  to   space 26112K, 0% used [0x00000000e9a80000,0x00000000e9a80000,0x00000000eb400000)
 ParOldGen       total 97792K, used 38015K [0x0000000082e00000, 0x0000000088d80000, 0x00000000d6500000)
  object space 97792K, 38% used [0x0000000082e00000,0x000000008531fd98,0x0000000088d80000)
 Metaspace       used 56866K, capacity 59086K, committed 59160K, reserved 1101824K
  class space    used 7121K, capacity 7533K, committed 7552K, reserved 1048576K
Event: 12.420 GC heap after
Heap after GC invocations=17 (full 3):
 PSYoungGen      total 343040K, used 0K [0x00000000d6500000, 0x00000000ee700000, 0x0000000100000000)
  eden space 316928K, 0% used [0x00000000d6500000,0x00000000d6500000,0x00000000e9a80000)
  from space 26112K, 0% used [0x00000000eb400000,0x00000000eb400000,0x00000000ecd80000)
  to   space 26112K, 0% used [0x00000000e9a80000,0x00000000e9a80000,0x00000000eb400000)
 ParOldGen       total 137216K, used 44270K [0x0000000082e00000, 0x000000008b400000, 0x00000000d6500000)
  object space 137216K, 32% used [0x0000000082e00000,0x000000008593ba48,0x000000008b400000)
 Metaspace       used 56825K, capacity 59020K, committed 59160K, reserved 1101824K
  class space    used 7115K, capacity 7522K, committed 7552K, reserved 1048576K
}
Event: 17.931 GC heap before
{Heap before GC invocations=18 (full 3):
 PSYoungGen      total 343040K, used 316928K [0x00000000d6500000, 0x00000000ee700000, 0x0000000100000000)
  eden space 316928K, 100% used [0x00000000d6500000,0x00000000e9a80000,0x00000000e9a80000)
  from space 26112K, 0% used [0x00000000eb400000,0x00000000eb400000,0x00000000ecd80000)
  to   space 26112K, 0% used [0x00000000e9a80000,0x00000000e9a80000,0x00000000eb400000)
 ParOldGen       total 137216K, used 44270K [0x0000000082e00000, 0x000000008b400000, 0x00000000d6500000)
  object space 137216K, 32% used [0x0000000082e00000,0x000000008593ba48,0x000000008b400000)
 Metaspace       used 62507K, capacity 65464K, committed 65664K, reserved 1105920K
  class space    used 7674K, capacity 8203K, committed 8320K, reserved 1048576K
Event: 17.946 GC heap after
Heap after GC invocations=18 (full 3):
 PSYoungGen      total 343040K, used 13579K [0x00000000d6500000, 0x00000000ee700000, 0x0000000100000000)
  eden space 316928K, 0% used [0x00000000d6500000,0x00000000d6500000,0x00000000e9a80000)
  from space 26112K, 52% used [0x00000000e9a80000,0x00000000ea7c2e60,0x00000000eb400000)
  to   space 26112K, 0% used [0x00000000eb400000,0x00000000eb400000,0x00000000ecd80000)
 ParOldGen       total 137216K, used 44278K [0x0000000082e00000, 0x000000008b400000, 0x00000000d6500000)
  object space 137216K, 32% used [0x0000000082e00000,0x000000008593da48,0x000000008b400000)
 Metaspace       used 62507K, capacity 65464K, committed 65664K, reserved 1105920K
  class space    used 7674K, capacity 8203K, committed 8320K, reserved 1048576K
}

